[2020-02-12 18:38:19] laravel.EMERGENCY: Unable to create configured logger. Using emergency logger. {"exception":"[object] (InvalidArgumentException(code: 0): Log [] is not defined. at D:\\development\\board-game\\partime\\vendor\\laravel\\framework\\src\\Illuminate\\Log\\LogManager.php:181)
[stacktrace]
#0 D:\\development\\board-game\\partime\\vendor\\laravel\\framework\\src\\Illuminate\\Log\\LogManager.php(115): Illuminate\\Log\\LogManager->resolve(NULL)
#1 D:\\development\\board-game\\partime\\vendor\\laravel\\framework\\src\\Illuminate\\Log\\LogManager.php(103): Illuminate\\Log\\LogManager->get(NULL)
#2 D:\\development\\board-game\\partime\\vendor\\laravel\\framework\\src\\Illuminate\\Log\\LogManager.php(526): Illuminate\\Log\\LogManager->driver()
#3 D:\\development\\board-game\\partime\\vendor\\laravel\\framework\\src\\Illuminate\\Foundation\\Exceptions\\Handler.php(113): Illuminate\\Log\\LogManager->error('Database hosts ...', Array)
#4 D:\\development\\board-game\\partime\\app\\Exceptions\\Handler.php(37): Illuminate\\Foundation\\Exceptions\\Handler->report(Object(Illuminate\\Database\\QueryException))
#5 D:\\development\\board-game\\partime\\vendor\\laravel\\framework\\src\\Illuminate\\Foundation\\Console\\Kernel.php(353): App\\Exceptions\\Handler->report(Object(Illuminate\\Database\\QueryException))
#6 D:\\development\\board-game\\partime\\vendor\\laravel\\framework\\src\\Illuminate\\Foundation\\Console\\Kernel.php(124): Illuminate\\Foundation\\Console\\Kernel->reportException(Object(Illuminate\\Database\\QueryException))
#7 D:\\development\\board-game\\partime\\artisan(37): Illuminate\\Foundation\\Console\\Kernel->handle(Object(Symfony\\Component\\Console\\Input\\ArgvInput), Object(Symfony\\Component\\Console\\Output\\ConsoleOutput))
#8 {main}
"} 
[2020-02-12 18:38:19] laravel.ERROR: Database hosts array is empty. (SQL: select * from information_schema.tables where table_schema =  and table_name = languages) {"exception":"[object] (Illuminate\\Database\\QueryException(code: 0): Database hosts array is empty. (SQL: select * from information_schema.tables where table_schema =  and table_name = languages) at D:\\development\\board-game\\partime\\vendor\\laravel\\framework\\src\\Illuminate\\Database\\Connection.php:664, InvalidArgumentException(code: 0): Database hosts array is empty. at D:\\development\\board-game\\partime\\vendor\\laravel\\framework\\src\\Illuminate\\Database\\Connectors\\ConnectionFactory.php:203)
[stacktrace]
#0 D:\\development\\board-game\\partime\\vendor\\laravel\\framework\\src\\Illuminate\\Database\\Connection.php(624): Illuminate\\Database\\Connection->runQueryCallback('select * from i...', Array, Object(Closure))
#1 D:\\development\\board-game\\partime\\vendor\\laravel\\framework\\src\\Illuminate\\Database\\Connection.php(333): Illuminate\\Database\\Connection->run('select * from i...', Array, Object(Closure))
#2 D:\\development\\board-game\\partime\\vendor\\laravel\\framework\\src\\Illuminate\\Database\\Schema\\MySqlBuilder.php(18): Illuminate\\Database\\Connection->select('select * from i...', Array)
#3 D:\\development\\board-game\\partime\\vendor\\laravel\\framework\\src\\Illuminate\\Support\\Facades\\Facade.php(223): Illuminate\\Database\\Schema\\MySqlBuilder->hasTable('languages')
#4 D:\\development\\board-game\\partime\\app\\Providers\\ComposerServiceProvider.php(18): Illuminate\\Support\\Facades\\Facade::__callStatic('hasTable', Array)
#5 [internal function]: App\\Providers\\ComposerServiceProvider->boot()
#6 D:\\development\\board-game\\partime\\vendor\\laravel\\framework\\src\\Illuminate\\Container\\BoundMethod.php(29): call_user_func_array(Array, Array)
#7 D:\\development\\board-game\\partime\\vendor\\laravel\\framework\\src\\Illuminate\\Container\\BoundMethod.php(87): Illuminate\\Container\\BoundMethod::Illuminate\\Container\\{closure}()
#8 D:\\development\\board-game\\partime\\vendor\\laravel\\framework\\src\\Illuminate\\Container\\BoundMethod.php(31): Illuminate\\Container\\BoundMethod::callBoundMethod(Object(Illuminate\\Foundation\\Application), Array, Object(Closure))
#9 D:\\development\\board-game\\partime\\vendor\\laravel\\framework\\src\\Illuminate\\Container\\Container.php(564): Illuminate\\Container\\BoundMethod::call(Object(Illuminate\\Foundation\\Application), Array, Array, NULL)
#10 D:\\development\\board-game\\partime\\vendor\\laravel\\framework\\src\\Illuminate\\Foundation\\Application.php(794): Illuminate\\Container\\Container->call(Array)
#11 D:\\development\\board-game\\partime\\vendor\\laravel\\framework\\src\\Illuminate\\Foundation\\Application.php(777): Illuminate\\Foundation\\Application->bootProvider(Object(App\\Providers\\ComposerServiceProvider))
#12 [internal function]: Illuminate\\Foundation\\Application->Illuminate\\Foundation\\{closure}(Object(App\\Providers\\ComposerServiceProvider), 29)
#13 D:\\development\\board-game\\partime\\vendor\\laravel\\framework\\src\\Illuminate\\Foundation\\Application.php(778): array_walk(Array, Object(Closure))
#14 D:\\development\\board-game\\partime\\vendor\\laravel\\framework\\src\\Illuminate\\Foundation\\Bootstrap\\BootProviders.php(17): Illuminate\\Foundation\\Application->boot()
#15 D:\\development\\board-game\\partime\\vendor\\laravel\\framework\\src\\Illuminate\\Foundation\\Application.php(206): Illuminate\\Foundation\\Bootstrap\\BootProviders->bootstrap(Object(Illuminate\\Foundation\\Application))
#16 D:\\development\\board-game\\partime\\vendor\\laravel\\framework\\src\\Illuminate\\Foundation\\Console\\Kernel.php(297): Illuminate\\Foundation\\Application->bootstrapWith(Array)
#17 D:\\development\\board-game\\partime\\vendor\\laravel\\framework\\src\\Illuminate\\Foundation\\Console\\Kernel.php(120): Illuminate\\Foundation\\Console\\Kernel->bootstrap()
#18 D:\\development\\board-game\\partime\\artisan(37): Illuminate\\Foundation\\Console\\Kernel->handle(Object(Symfony\\Component\\Console\\Input\\ArgvInput), Object(Symfony\\Component\\Console\\Output\\ConsoleOutput))
#19 {main}
"} 
[2020-02-12 18:39:04] laravel.EMERGENCY: Unable to create configured logger. Using emergency logger. {"exception":"[object] (InvalidArgumentException(code: 0): Log [] is not defined. at D:\\development\\board-game\\partime\\vendor\\laravel\\framework\\src\\Illuminate\\Log\\LogManager.php:181)
[stacktrace]
#0 D:\\development\\board-game\\partime\\vendor\\laravel\\framework\\src\\Illuminate\\Log\\LogManager.php(115): Illuminate\\Log\\LogManager->resolve(NULL)
#1 D:\\development\\board-game\\partime\\vendor\\laravel\\framework\\src\\Illuminate\\Log\\LogManager.php(103): Illuminate\\Log\\LogManager->get(NULL)
#2 D:\\development\\board-game\\partime\\vendor\\laravel\\framework\\src\\Illuminate\\Log\\LogManager.php(526): Illuminate\\Log\\LogManager->driver()
#3 D:\\development\\board-game\\partime\\vendor\\laravel\\framework\\src\\Illuminate\\Foundation\\Exceptions\\Handler.php(113): Illuminate\\Log\\LogManager->error('Database hosts ...', Array)
#4 D:\\development\\board-game\\partime\\app\\Exceptions\\Handler.php(37): Illuminate\\Foundation\\Exceptions\\Handler->report(Object(Illuminate\\Database\\QueryException))
#5 D:\\development\\board-game\\partime\\vendor\\laravel\\framework\\src\\Illuminate\\Foundation\\Console\\Kernel.php(353): App\\Exceptions\\Handler->report(Object(Illuminate\\Database\\QueryException))
#6 D:\\development\\board-game\\partime\\vendor\\laravel\\framework\\src\\Illuminate\\Foundation\\Console\\Kernel.php(124): Illuminate\\Foundation\\Console\\Kernel->reportException(Object(Illuminate\\Database\\QueryException))
#7 D:\\development\\board-game\\partime\\artisan(37): Illuminate\\Foundation\\Console\\Kernel->handle(Object(Symfony\\Component\\Console\\Input\\ArgvInput), Object(Symfony\\Component\\Console\\Output\\ConsoleOutput))
#8 {main}
"} 
[2020-02-12 18:39:04] laravel.ERROR: Database hosts array is empty. (SQL: select * from information_schema.tables where table_schema =  and table_name = languages) {"exception":"[object] (Illuminate\\Database\\QueryException(code: 0): Database hosts array is empty. (SQL: select * from information_schema.tables where table_schema =  and table_name = languages) at D:\\development\\board-game\\partime\\vendor\\laravel\\framework\\src\\Illuminate\\Database\\Connection.php:664, InvalidArgumentException(code: 0): Database hosts array is empty. at D:\\development\\board-game\\partime\\vendor\\laravel\\framework\\src\\Illuminate\\Database\\Connectors\\ConnectionFactory.php:203)
[stacktrace]
#0 D:\\development\\board-game\\partime\\vendor\\laravel\\framework\\src\\Illuminate\\Database\\Connection.php(624): Illuminate\\Database\\Connection->runQueryCallback('select * from i...', Array, Object(Closure))
#1 D:\\development\\board-game\\partime\\vendor\\laravel\\framework\\src\\Illuminate\\Database\\Connection.php(333): Illuminate\\Database\\Connection->run('select * from i...', Array, Object(Closure))
#2 D:\\development\\board-game\\partime\\vendor\\laravel\\framework\\src\\Illuminate\\Database\\Schema\\MySqlBuilder.php(18): Illuminate\\Database\\Connection->select('select * from i...', Array)
#3 D:\\development\\board-game\\partime\\vendor\\laravel\\framework\\src\\Illuminate\\Support\\Facades\\Facade.php(223): Illuminate\\Database\\Schema\\MySqlBuilder->hasTable('languages')
#4 D:\\development\\board-game\\partime\\app\\Providers\\ComposerServiceProvider.php(18): Illuminate\\Support\\Facades\\Facade::__callStatic('hasTable', Array)
#5 [internal function]: App\\Providers\\ComposerServiceProvider->boot()
#6 D:\\development\\board-game\\partime\\vendor\\laravel\\framework\\src\\Illuminate\\Container\\BoundMethod.php(29): call_user_func_array(Array, Array)
#7 D:\\development\\board-game\\partime\\vendor\\laravel\\framework\\src\\Illuminate\\Container\\BoundMethod.php(87): Illuminate\\Container\\BoundMethod::Illuminate\\Container\\{closure}()
#8 D:\\development\\board-game\\partime\\vendor\\laravel\\framework\\src\\Illuminate\\Container\\BoundMethod.php(31): Illuminate\\Container\\BoundMethod::callBoundMethod(Object(Illuminate\\Foundation\\Application), Array, Object(Closure))
#9 D:\\development\\board-game\\partime\\vendor\\laravel\\framework\\src\\Illuminate\\Container\\Container.php(564): Illuminate\\Container\\BoundMethod::call(Object(Illuminate\\Foundation\\Application), Array, Array, NULL)
#10 D:\\development\\board-game\\partime\\vendor\\laravel\\framework\\src\\Illuminate\\Foundation\\Application.php(794): Illuminate\\Container\\Container->call(Array)
#11 D:\\development\\board-game\\partime\\vendor\\laravel\\framework\\src\\Illuminate\\Foundation\\Application.php(777): Illuminate\\Foundation\\Application->bootProvider(Object(App\\Providers\\ComposerServiceProvider))
#12 [internal function]: Illuminate\\Foundation\\Application->Illuminate\\Foundation\\{closure}(Object(App\\Providers\\ComposerServiceProvider), 29)
#13 D:\\development\\board-game\\partime\\vendor\\laravel\\framework\\src\\Illuminate\\Foundation\\Application.php(778): array_walk(Array, Object(Closure))
#14 D:\\development\\board-game\\partime\\vendor\\laravel\\framework\\src\\Illuminate\\Foundation\\Bootstrap\\BootProviders.php(17): Illuminate\\Foundation\\Application->boot()
#15 D:\\development\\board-game\\partime\\vendor\\laravel\\framework\\src\\Illuminate\\Foundation\\Application.php(206): Illuminate\\Foundation\\Bootstrap\\BootProviders->bootstrap(Object(Illuminate\\Foundation\\Application))
#16 D:\\development\\board-game\\partime\\vendor\\laravel\\framework\\src\\Illuminate\\Foundation\\Console\\Kernel.php(297): Illuminate\\Foundation\\Application->bootstrapWith(Array)
#17 D:\\development\\board-game\\partime\\vendor\\laravel\\framework\\src\\Illuminate\\Foundation\\Console\\Kernel.php(120): Illuminate\\Foundation\\Console\\Kernel->bootstrap()
#18 D:\\development\\board-game\\partime\\artisan(37): Illuminate\\Foundation\\Console\\Kernel->handle(Object(Symfony\\Component\\Console\\Input\\ArgvInput), Object(Symfony\\Component\\Console\\Output\\ConsoleOutput))
#19 {main}
"} 
